<?xml version="1.0" encoding="UTF-8"?>
<!-- Generated by org.testng.reporters.JUnitReportReporter -->
<testsuite name="Qsp.Demo" tests="1" time="19.828" ignored="0" failures="0" timestamp="03 Feb 2018 10:28:11 GMT" skipped="0" hostname="CBT-LAB-025" errors="0">
  <testcase name="openandClose" time="19.828" classname="Qsp.Demo"/>
</testsuite> <!-- Qsp.Demo -->
